<?xml version="1.0" encoding="UTF-8"?>
<robot generator="Robot 6.1.1 (Python 3.11.5 on win32)" generated="20230906 17:27:21.451" rpa="false" schemaversion="4">
<suite id="s1" name="Bai2" source="C:\Users\hiennt60\Documents\auto\homework\bai2.robot">
<test id="s1-t1" name="[AU_01] - Tìm kiếm và mua sản phẩm thứ 4 nồi chiên" line="5">
<kw name="Truy cập trang Tiki.vn">
<arg>https://tiki.vn/</arg>
<arg>chrome</arg>
<kw name="Open Browser" library="SeleniumLibrary">
<arg>${url}</arg>
<arg>${brower}</arg>
<doc>Opens a new browser instance to the optional ``url``.</doc>
<msg timestamp="20230906 17:27:21.592" level="INFO">Opening browser 'chrome' to base url 'https://tiki.vn/'.</msg>
<status status="PASS" starttime="20230906 17:27:21.592" endtime="20230906 17:27:25.854"/>
</kw>
<kw name="Maximize Browser Window" library="SeleniumLibrary">
<doc>Maximizes current browser window.</doc>
<status status="PASS" starttime="20230906 17:27:25.854" endtime="20230906 17:27:25.986"/>
</kw>
<status status="PASS" starttime="20230906 17:27:21.592" endtime="20230906 17:27:25.986"/>
</kw>
<kw name="Nhập vào ô tìm kiếm &quot;nồi chiên&quot;">
<arg>//input[@data-view-id="main_search_form_input"]</arg>
<arg>nồi chiên</arg>
<kw name="Input Text" library="SeleniumLibrary">
<arg>${url}</arg>
<arg>${text}</arg>
<doc>Types the given ``text`` into the text field identified by ``locator``.</doc>
<msg timestamp="20230906 17:27:25.989" level="INFO">Typing text 'nồi chiên' into text field '//input[@data-view-id="main_search_form_input"]'.</msg>
<status status="PASS" starttime="20230906 17:27:25.989" endtime="20230906 17:27:26.201"/>
</kw>
<status status="PASS" starttime="20230906 17:27:25.987" endtime="20230906 17:27:26.201"/>
</kw>
<kw name="Click vào nồi chiên không dầu">
<arg>//div[text()="nồi chiên không dầu"]</arg>
<kw name="Wait Until Element Is Visible" library="SeleniumLibrary">
<arg>${locator}</arg>
<arg>5s</arg>
<doc>Waits until the element ``locator`` is visible.</doc>
<status status="PASS" starttime="20230906 17:27:26.201" endtime="20230906 17:27:26.432"/>
</kw>
<kw name="Click Element" library="SeleniumLibrary">
<arg>${locator}</arg>
<doc>Click the element identified by ``locator``.</doc>
<msg timestamp="20230906 17:27:26.432" level="INFO">Clicking element '//div[text()="nồi chiên không dầu"]'.</msg>
<status status="PASS" starttime="20230906 17:27:26.432" endtime="20230906 17:27:26.487"/>
</kw>
<status status="PASS" starttime="20230906 17:27:26.201" endtime="20230906 17:27:26.487"/>
</kw>
<kw name="Click vào sản phẩm thứ 4">
<arg>//div[@data-view-id="product_list_container"]/div[4]</arg>
<kw name="Wait Until Element Is Visible" library="SeleniumLibrary">
<arg>${locator}</arg>
<arg>10s</arg>
<doc>Waits until the element ``locator`` is visible.</doc>
<status status="PASS" starttime="20230906 17:27:26.488" endtime="20230906 17:27:28.489"/>
</kw>
<kw name="Click Element" library="SeleniumLibrary">
<arg>${locator}</arg>
<doc>Click the element identified by ``locator``.</doc>
<msg timestamp="20230906 17:27:28.489" level="INFO">Clicking element '//div[@data-view-id="product_list_container"]/div[4]'.</msg>
<status status="PASS" starttime="20230906 17:27:28.489" endtime="20230906 17:27:28.747"/>
</kw>
<status status="PASS" starttime="20230906 17:27:26.487" endtime="20230906 17:27:28.747"/>
</kw>
<kw name="Sleep" library="BuiltIn">
<arg>2s</arg>
<doc>Pauses the test executed for the given time.</doc>
<msg timestamp="20230906 17:27:30.748" level="INFO">Slept 2 seconds</msg>
<status status="PASS" starttime="20230906 17:27:28.747" endtime="20230906 17:27:30.748"/>
</kw>
<kw name="Click button Mua ngay">
<arg>//button[span]</arg>
<kw name="Wait Until Element Is Visible" library="SeleniumLibrary">
<arg>${locator}</arg>
<arg>10s</arg>
<doc>Waits until the element ``locator`` is visible.</doc>
<status status="PASS" starttime="20230906 17:27:30.748" endtime="20230906 17:27:30.763"/>
</kw>
<kw name="Click Element" library="SeleniumLibrary">
<arg>${locator}</arg>
<doc>Click the element identified by ``locator``.</doc>
<msg timestamp="20230906 17:27:30.764" level="INFO">Clicking element '//button[span]'.</msg>
<status status="PASS" starttime="20230906 17:27:30.764" endtime="20230906 17:27:30.793"/>
</kw>
<status status="PASS" starttime="20230906 17:27:30.748" endtime="20230906 17:27:30.793"/>
</kw>
<kw name="Sleep" library="BuiltIn">
<arg>2s</arg>
<doc>Pauses the test executed for the given time.</doc>
<msg timestamp="20230906 17:27:32.795" level="INFO">Slept 2 seconds</msg>
<status status="PASS" starttime="20230906 17:27:30.794" endtime="20230906 17:27:32.795"/>
</kw>
<kw name="Verify popup có chứa Xin chào">
<arg>//h4[contains(text(),"Xin chào")]</arg>
<kw name="Wait Until Element Is Visible" library="SeleniumLibrary">
<arg>${locator}</arg>
<doc>Waits until the element ``locator`` is visible.</doc>
<status status="PASS" starttime="20230906 17:27:32.795" endtime="20230906 17:27:32.811"/>
</kw>
<status status="PASS" starttime="20230906 17:27:32.795" endtime="20230906 17:27:32.811"/>
</kw>
<kw name="Sleep" library="BuiltIn">
<arg>2s</arg>
<doc>Pauses the test executed for the given time.</doc>
<msg timestamp="20230906 17:27:34.812" level="INFO">Slept 2 seconds</msg>
<status status="PASS" starttime="20230906 17:27:32.811" endtime="20230906 17:27:34.812"/>
</kw>
<doc>Tìm kiếm và mua sản phẩm thứ 4 nồi chiên</doc>
<tag>TC_01</tag>
<status status="PASS" starttime="20230906 17:27:21.591" endtime="20230906 17:27:34.812"/>
</test>
<status status="PASS" starttime="20230906 17:27:21.452" endtime="20230906 17:27:34.813"/>
</suite>
<statistics>
<total>
<stat pass="1" fail="0" skip="0">All Tests</stat>
</total>
<tag>
<stat pass="1" fail="0" skip="0">TC_01</stat>
</tag>
<suite>
<stat pass="1" fail="0" skip="0" id="s1" name="Bai2">Bai2</stat>
</suite>
</statistics>
<errors>
</errors>
</robot>
