<?xml version="1.0" encoding="UTF-8"?>
<robot generator="Robot 6.1.1 (Python 3.9.0 on win32)" generated="20230916 10:32:20.459" rpa="false" schemaversion="4">
<suite id="s1" name="Final Exam" source="C:\Users\LEEKEN-PC\Downloads\Code Git\Final_Exam\Final_Exam">
<suite id="s1-s1" name="5 Test Case" source="C:\Users\LEEKEN-PC\Downloads\Code Git\Final_Exam\Final_Exam\5_test_case">
<suite id="s1-s1-s1" name="Bai 1" source="C:\Users\LEEKEN-PC\Downloads\Code Git\Final_Exam\Final_Exam\5_test_case\Bai_1.robot">
<test id="s1-s1-s1-t1" name="[TC_01] - Tạo project Automation_MSB_Project" line="6">
<kw name="Mở trang web bằng trình duyệt add project" library="bai1_todoist_keyword">
<arg>https://todoist.com/auth/login</arg>
<arg>chrome</arg>
<kw name="Open Browser" library="SeleniumLibrary">
<arg>${url}</arg>
<arg>${browser}</arg>
<doc>Opens a new browser instance to the optional ``url``.</doc>
<msg timestamp="20230916 10:32:20.683" level="INFO">Opening browser 'chrome' to base url 'https://todoist.com/auth/login'.</msg>
<status status="PASS" starttime="20230916 10:32:20.682" endtime="20230916 10:32:23.446"/>
</kw>
<kw name="Maximize Browser Window" library="SeleniumLibrary">
<doc>Maximizes current browser window.</doc>
<status status="PASS" starttime="20230916 10:32:23.446" endtime="20230916 10:32:23.567"/>
</kw>
<status status="PASS" starttime="20230916 10:32:20.681" endtime="20230916 10:32:23.567"/>
</kw>
<kw name="Nhập thông tin log in" library="bai1_todoist_keyword">
<arg>vietphuong25495@gmail.com</arg>
<arg>Muong14.vn</arg>
<kw name="Wait Until Element Is Visible" library="SeleniumLibrary">
<arg>${inp_email}</arg>
<doc>Waits until the element ``locator`` is visible.</doc>
<status status="PASS" starttime="20230916 10:32:23.568" endtime="20230916 10:32:24.477"/>
</kw>
<kw name="Input Text" library="SeleniumLibrary">
<arg>${inp_email}</arg>
<arg>${email}</arg>
<doc>Types the given ``text`` into the text field identified by ``locator``.</doc>
<msg timestamp="20230916 10:32:24.478" level="INFO">Typing text 'vietphuong25495@gmail.com' into text field '//input[@id='element-0']'.</msg>
<status status="PASS" starttime="20230916 10:32:24.478" endtime="20230916 10:32:24.659"/>
</kw>
<kw name="Input Text" library="SeleniumLibrary">
<arg>${inp_passs}</arg>
<arg>${password}</arg>
<doc>Types the given ``text`` into the text field identified by ``locator``.</doc>
<msg timestamp="20230916 10:32:24.660" level="INFO">Typing text 'Muong14.vn' into text field '//input[@id='element-3']'.</msg>
<status status="PASS" starttime="20230916 10:32:24.659" endtime="20230916 10:32:24.749"/>
</kw>
<kw name="Click Element" library="SeleniumLibrary">
<arg>${btn_submit}</arg>
<doc>Click the element identified by ``locator``.</doc>
<msg timestamp="20230916 10:32:24.750" level="INFO">Clicking element '//button[@type="submit"]'.</msg>
<status status="PASS" starttime="20230916 10:32:24.750" endtime="20230916 10:32:24.796"/>
</kw>
<status status="PASS" starttime="20230916 10:32:23.568" endtime="20230916 10:32:24.796"/>
</kw>
<kw name="Tạo project Automation_MSB_Project" library="bai1_todoist_keyword">
<arg>Automation_MSB_Project</arg>
<kw name="Wait Until Element Is Visible" library="SeleniumLibrary">
<arg>${btn_addpj}</arg>
<arg>15s</arg>
<doc>Waits until the element ``locator`` is visible.</doc>
<status status="PASS" starttime="20230916 10:32:24.797" endtime="20230916 10:32:34.258"/>
</kw>
<kw name="Click Element" library="SeleniumLibrary">
<arg>${btn_addpj}</arg>
<doc>Click the element identified by ``locator``.</doc>
<msg timestamp="20230916 10:32:34.259" level="INFO">Clicking element '//*[@id="left_menu_inner"]/div[1]/div[1]/div[1]/div[1]/button[1]'.</msg>
<status status="PASS" starttime="20230916 10:32:34.259" endtime="20230916 10:32:34.376"/>
</kw>
<kw name="Wait Until Element Is Visible" library="SeleniumLibrary">
<arg>${inp_name}</arg>
<arg>5s</arg>
<doc>Waits until the element ``locator`` is visible.</doc>
<msg timestamp="20230916 10:32:39.570" level="INFO" html="true">&lt;/td&gt;&lt;/tr&gt;&lt;tr&gt;&lt;td colspan="3"&gt;&lt;a href="selenium-screenshot-20.png"&gt;&lt;img src="selenium-screenshot-20.png" width="800px"&gt;&lt;/a&gt;</msg>
<msg timestamp="20230916 10:32:39.571" level="FAIL">Element '//input[@id='edit_project_modal_field_name']' not visible after 5 seconds.</msg>
<status status="FAIL" starttime="20230916 10:32:34.376" endtime="20230916 10:32:39.573"/>
</kw>
<kw name="Input Text" library="SeleniumLibrary">
<arg>${inp_name}</arg>
<arg>${name_project}</arg>
<doc>Types the given ``text`` into the text field identified by ``locator``.</doc>
<status status="NOT RUN" starttime="20230916 10:32:39.574" endtime="20230916 10:32:39.574"/>
</kw>
<kw name="Click Element" library="SeleniumLibrary">
<arg>${btn_submit}</arg>
<doc>Click the element identified by ``locator``.</doc>
<status status="NOT RUN" starttime="20230916 10:32:39.574" endtime="20230916 10:32:39.575"/>
</kw>
<status status="FAIL" starttime="20230916 10:32:24.797" endtime="20230916 10:32:39.575"/>
</kw>
<kw name="Xác nhận popup chứa text" library="bai1_todoist_keyword">
<arg>Automation_MSB_Project</arg>
<status status="NOT RUN" starttime="20230916 10:32:39.575" endtime="20230916 10:32:39.576"/>
</kw>
<doc>Tạo project Automation_MSB_Project</doc>
<tag>them_moi_project</tag>
<status status="FAIL" starttime="20230916 10:32:20.680" endtime="20230916 10:32:39.576">Element '//input[@id='edit_project_modal_field_name']' not visible after 5 seconds.</status>
</test>
<status status="FAIL" starttime="20230916 10:32:20.494" endtime="20230916 10:32:39.578"/>
</suite>
<status status="FAIL" starttime="20230916 10:32:20.490" endtime="20230916 10:32:39.580"/>
</suite>
<status status="FAIL" starttime="20230916 10:32:20.463" endtime="20230916 10:32:39.582"/>
</suite>
<statistics>
<total>
<stat pass="0" fail="1" skip="0">All Tests</stat>
</total>
<tag>
<stat pass="0" fail="1" skip="0">them_moi_project</stat>
</tag>
<suite>
<stat pass="0" fail="1" skip="0" id="s1" name="Final Exam">Final Exam</stat>
<stat pass="0" fail="1" skip="0" id="s1-s1" name="5 Test Case">Final Exam.5 Test Case</stat>
<stat pass="0" fail="1" skip="0" id="s1-s1-s1" name="Bai 1">Final Exam.5 Test Case.Bai 1</stat>
</suite>
</statistics>
<errors>
</errors>
</robot>
