<?xml version="1.0" encoding="UTF-8"?>
<robot generator="Robot 6.1.1 (Python 3.9.13 on win32)" generated="20230907 20:11:32.432" rpa="false" schemaversion="4">
<suite id="s1" name="Demo Autotestweb Robot" source="C:\Users\minh1\autotest\demo_autotestweb_robot">
<suite id="s1-s1" name="5 Testcase" source="C:\Users\minh1\autotest\demo_autotestweb_robot\5_testcase">
<suite id="s1-s1-s1" name="Demo Guru Addcus" source="C:\Users\minh1\autotest\demo_autotestweb_robot\5_testcase\demo_guru_addcus.robot">
<test id="s1-s1-s1-t1" name="[TC_01] addCustomer" line="8">
<kw name="Open web guru" library="guru_addcus_keywords" type="SETUP">
<arg>https://demo.guru99.com/telecom/index.html</arg>
<arg>chrome</arg>
<kw name="Open Browser" library="SeleniumLibrary">
<arg>${url}</arg>
<arg>${browser}</arg>
<doc>Opens a new browser instance to the optional ``url``.</doc>
<msg timestamp="20230907 20:11:32.708" level="INFO">Opening browser 'chrome' to base url 'https://demo.guru99.com/telecom/index.html'.</msg>
<status status="PASS" starttime="20230907 20:11:32.707" endtime="20230907 20:11:46.271"/>
</kw>
<kw name="Maximize Browser Window" library="SeleniumLibrary">
<doc>Maximizes current browser window.</doc>
<status status="PASS" starttime="20230907 20:11:46.272" endtime="20230907 20:11:46.416"/>
</kw>
<status status="PASS" starttime="20230907 20:11:32.705" endtime="20230907 20:11:46.416"/>
</kw>
<kw name="Click button Add customer" library="guru_addcus_keywords">
<kw name="Wait Until Element Is Visible" library="SeleniumLibrary">
<arg>${link_addCustomer}</arg>
<arg>15s</arg>
<doc>Waits until the element ``locator`` is visible.</doc>
<status status="PASS" starttime="20230907 20:11:46.418" endtime="20230907 20:11:46.466"/>
</kw>
<kw name="Click Link" library="SeleniumLibrary">
<arg>${link_addCustomer}</arg>
<doc>Clicks a link identified by ``locator``.</doc>
<msg timestamp="20230907 20:11:46.468" level="INFO">Clicking link '(//a[text()='Add Customer'])[1]'.</msg>
<status status="PASS" starttime="20230907 20:11:46.467" endtime="20230907 20:11:46.579"/>
</kw>
<kw name="Reload Page" library="SeleniumLibrary">
<doc>Simulates user reloading page.</doc>
<status status="PASS" starttime="20230907 20:11:46.580" endtime="20230907 20:11:47.183"/>
</kw>
<kw name="Click Link" library="SeleniumLibrary">
<arg>${link_addCustomer}</arg>
<doc>Clicks a link identified by ``locator``.</doc>
<msg timestamp="20230907 20:11:47.184" level="INFO">Clicking link '(//a[text()='Add Customer'])[1]'.</msg>
<status status="PASS" starttime="20230907 20:11:47.183" endtime="20230907 20:11:47.919"/>
</kw>
<status status="PASS" starttime="20230907 20:11:46.417" endtime="20230907 20:11:47.919"/>
</kw>
<kw name="Fill form Add customer" library="guru_addcus_keywords">
<arg>Ngan</arg>
<arg>Nguyen Thi</arg>
<arg>dieungan27101998@gmail.com</arg>
<arg>Ha Noi</arg>
<arg>0358311112</arg>
<kw name="Wait Until Element Is Visible" library="SeleniumLibrary">
<arg>${label_done}</arg>
<arg>10s</arg>
<doc>Waits until the element ``locator`` is visible.</doc>
<status status="PASS" starttime="20230907 20:11:47.921" endtime="20230907 20:11:47.955"/>
</kw>
<kw name="Click Element" library="SeleniumLibrary">
<arg>${label_done}</arg>
<doc>Click the element identified by ``locator``.</doc>
<msg timestamp="20230907 20:11:47.956" level="INFO">Clicking element '//label[text()='Done']'.</msg>
<status status="PASS" starttime="20230907 20:11:47.955" endtime="20230907 20:11:48.049"/>
</kw>
<kw name="Wait Until Element Is Visible" library="SeleniumLibrary">
<arg>${inP_fname}</arg>
<arg>10s</arg>
<doc>Waits until the element ``locator`` is visible.</doc>
<status status="PASS" starttime="20230907 20:11:48.050" endtime="20230907 20:11:48.081"/>
</kw>
<kw name="Input Text" library="SeleniumLibrary">
<arg>${inP_fname}</arg>
<arg>${fname}</arg>
<doc>Types the given ``text`` into the text field identified by ``locator``.</doc>
<msg timestamp="20230907 20:11:48.082" level="INFO">Typing text 'Ngan' into text field '//input[@id='fname']'.</msg>
<status status="PASS" starttime="20230907 20:11:48.081" endtime="20230907 20:11:48.222"/>
</kw>
<kw name="Input Text" library="SeleniumLibrary">
<arg>${inP_lname}</arg>
<arg>${lname}</arg>
<doc>Types the given ``text`` into the text field identified by ``locator``.</doc>
<msg timestamp="20230907 20:11:48.223" level="INFO">Typing text 'Nguyen Thi' into text field '//input[@id='lname']'.</msg>
<status status="PASS" starttime="20230907 20:11:48.223" endtime="20230907 20:11:48.318"/>
</kw>
<kw name="Input Text" library="SeleniumLibrary">
<arg>${inP_email}</arg>
<arg>${email}</arg>
<doc>Types the given ``text`` into the text field identified by ``locator``.</doc>
<msg timestamp="20230907 20:11:48.319" level="INFO">Typing text 'dieungan27101998@gmail.com' into text field '//input[@id='email']'.</msg>
<status status="PASS" starttime="20230907 20:11:48.318" endtime="20230907 20:11:48.461"/>
</kw>
<kw name="Input Text" library="SeleniumLibrary">
<arg>${inP_message}</arg>
<arg>${message}</arg>
<doc>Types the given ``text`` into the text field identified by ``locator``.</doc>
<msg timestamp="20230907 20:11:48.462" level="INFO">Typing text 'Ha Noi' into text field '//textarea[@id='message']'.</msg>
<status status="PASS" starttime="20230907 20:11:48.462" endtime="20230907 20:11:48.539"/>
</kw>
<kw name="Input Text" library="SeleniumLibrary">
<arg>${inP_telephoneno}</arg>
<arg>${telephoneno}</arg>
<doc>Types the given ``text`` into the text field identified by ``locator``.</doc>
<msg timestamp="20230907 20:11:48.540" level="INFO">Typing text '0358311112' into text field '//input[@id='telephoneno']'.</msg>
<status status="PASS" starttime="20230907 20:11:48.539" endtime="20230907 20:11:48.627"/>
</kw>
<kw name="Scroll Element Into View" library="SeleniumLibrary">
<arg>${btn_submit}</arg>
<doc>Scrolls the element identified by ``locator`` into view.</doc>
<status status="PASS" starttime="20230907 20:11:48.627" endtime="20230907 20:11:48.929"/>
</kw>
<kw name="Click Button" library="SeleniumLibrary">
<arg>${btn_submit}</arg>
<doc>Clicks the button identified by ``locator``.</doc>
<msg timestamp="20230907 20:11:48.932" level="INFO">Clicking button '//input[@name='submit']'.</msg>
<status status="PASS" starttime="20230907 20:11:48.929" endtime="20230907 20:11:49.895"/>
</kw>
<status status="PASS" starttime="20230907 20:11:47.920" endtime="20230907 20:11:49.896"/>
</kw>
<kw name="Save Customer ID and back to Home page" library="guru_addcus_keywords">
<kw name="Wait Until Element Is Visible" library="SeleniumLibrary">
<arg>${txt_accessDetails}</arg>
<doc>Waits until the element ``locator`` is visible.</doc>
<status status="PASS" starttime="20230907 20:11:49.897" endtime="20230907 20:11:49.928"/>
</kw>
<kw name="Get Text" library="SeleniumLibrary">
<var>${customerID}</var>
<arg>${text_CustomerID}</arg>
<doc>Returns the text value of the element identified by ``locator``.</doc>
<msg timestamp="20230907 20:11:49.987" level="INFO">${customerID} = 390322</msg>
<status status="PASS" starttime="20230907 20:11:49.929" endtime="20230907 20:11:49.987"/>
</kw>
<kw name="Set Test Variable" library="BuiltIn">
<arg>${customerID_value}</arg>
<arg>${customerID}</arg>
<doc>Makes a variable available everywhere within the scope of the current test.</doc>
<msg timestamp="20230907 20:11:49.990" level="INFO">${customerID_value} = 390322</msg>
<status status="PASS" starttime="20230907 20:11:49.988" endtime="20230907 20:11:49.991"/>
</kw>
<kw name="Click Link" library="SeleniumLibrary">
<arg>${link_home}</arg>
<doc>Clicks a link identified by ``locator``.</doc>
<msg timestamp="20230907 20:11:49.994" level="INFO">Clicking link '(//a[text()='Home'])[1]'.</msg>
<status status="PASS" starttime="20230907 20:11:49.992" endtime="20230907 20:11:50.429"/>
</kw>
<status status="PASS" starttime="20230907 20:11:49.896" endtime="20230907 20:11:50.429"/>
</kw>
<kw name="Open Add Tariff Plan to Customer function" library="guru_addcus_keywords">
<kw name="Wait Until Element Is Visible" library="SeleniumLibrary">
<arg>${link_addTariffPlan}</arg>
<arg>10s</arg>
<doc>Waits until the element ``locator`` is visible.</doc>
<status status="PASS" starttime="20230907 20:11:50.431" endtime="20230907 20:11:50.465"/>
</kw>
<kw name="Click Link" library="SeleniumLibrary">
<arg>${link_addTariffPlan}</arg>
<doc>Clicks a link identified by ``locator``.</doc>
<msg timestamp="20230907 20:11:50.466" level="INFO">Clicking link '(//a[text()='Add Tariff Plan to Customer'])[1]'.</msg>
<status status="PASS" starttime="20230907 20:11:50.465" endtime="20230907 20:11:51.247"/>
</kw>
<status status="PASS" starttime="20230907 20:11:50.430" endtime="20230907 20:11:51.248"/>
</kw>
<kw name="Enter the newly created Customer ID and click Submit" library="guru_addcus_keywords">
<kw name="Input Text" library="SeleniumLibrary">
<arg>${inP_customerID}</arg>
<arg>${customerID_value}</arg>
<doc>Types the given ``text`` into the text field identified by ``locator``.</doc>
<msg timestamp="20230907 20:11:51.250" level="INFO">Typing text '390322' into text field '//input[@id='customer_id']'.</msg>
<status status="PASS" starttime="20230907 20:11:51.249" endtime="20230907 20:11:51.411"/>
</kw>
<kw name="Click Button" library="SeleniumLibrary">
<arg>${btn_submit}</arg>
<doc>Clicks the button identified by ``locator``.</doc>
<msg timestamp="20230907 20:11:51.412" level="INFO">Clicking button '//input[@name='submit']'.</msg>
<status status="PASS" starttime="20230907 20:11:51.411" endtime="20230907 20:11:51.970"/>
</kw>
<status status="PASS" starttime="20230907 20:11:51.248" endtime="20230907 20:11:51.970"/>
</kw>
<kw name="Check text display: Approved Tariff Plans" library="guru_addcus_keywords">
<kw name="Wait Until Element Is Visible" library="SeleniumLibrary">
<arg>${txt_approvedTariff}</arg>
<doc>Waits until the element ``locator`` is visible.</doc>
<status status="PASS" starttime="20230907 20:11:51.972" endtime="20230907 20:11:51.995"/>
</kw>
<status status="PASS" starttime="20230907 20:11:51.971" endtime="20230907 20:11:51.995"/>
</kw>
<kw name="Close Browser" library="SeleniumLibrary" type="TEARDOWN">
<doc>Closes the current browser.</doc>
<status status="PASS" starttime="20230907 20:11:51.996" endtime="20230907 20:11:54.309"/>
</kw>
<tag>addCus_success</tag>
<status status="PASS" starttime="20230907 20:11:32.703" endtime="20230907 20:11:54.311"/>
</test>
<status status="PASS" starttime="20230907 20:11:32.492" endtime="20230907 20:11:54.319"/>
</suite>
<status status="PASS" starttime="20230907 20:11:32.484" endtime="20230907 20:11:54.333"/>
</suite>
<status status="PASS" starttime="20230907 20:11:32.438" endtime="20230907 20:11:54.344"/>
</suite>
<statistics>
<total>
<stat pass="1" fail="0" skip="0">All Tests</stat>
</total>
<tag>
<stat pass="1" fail="0" skip="0">addCus_success</stat>
</tag>
<suite>
<stat pass="1" fail="0" skip="0" id="s1" name="Demo Autotestweb Robot">Demo Autotestweb Robot</stat>
<stat pass="1" fail="0" skip="0" id="s1-s1" name="5 Testcase">Demo Autotestweb Robot.5 Testcase</stat>
<stat pass="1" fail="0" skip="0" id="s1-s1-s1" name="Demo Guru Addcus">Demo Autotestweb Robot.5 Testcase.Demo Guru Addcus</stat>
</suite>
</statistics>
<errors>
</errors>
</robot>
