<?xml version="1.0" encoding="UTF-8"?>
<robot generator="Robot 6.1.1 (Python 3.9.0 on win32)" generated="20230916 04:06:36.899" rpa="false" schemaversion="4">
<suite id="s1" name="FinalExam" source="C:\Users\quanm\Downloads\FinalExam">
<suite id="s1-s1" name="Test Case" source="C:\Users\quanm\Downloads\FinalExam\test_case">
<suite id="s1-s1-s1" name="Todoist Bai1 Bai2" source="C:\Users\quanm\Downloads\FinalExam\test_case\todoist_bai1_bai2.robot">
<test id="s1-s1-s1-t1" name="[TC_01]- Tạo project &amp; tạo task Automation_MSB_Project" line="5">
<kw name="Mở trang web bằng trình duyệt" library="todoist_keywords">
<arg>https://todoist.com/auth/login</arg>
<arg>chrome</arg>
<kw name="Open Browser" library="SeleniumLibrary">
<arg>${url}</arg>
<arg>${browser}</arg>
<doc>Opens a new browser instance to the optional ``url``.</doc>
<msg timestamp="20230916 04:06:37.085" level="INFO">Opening browser 'chrome' to base url 'https://todoist.com/auth/login'.</msg>
<status status="PASS" starttime="20230916 04:06:37.084" endtime="20230916 04:06:40.351"/>
</kw>
<kw name="Maximize Browser Window" library="SeleniumLibrary">
<doc>Maximizes current browser window.</doc>
<status status="PASS" starttime="20230916 04:06:40.351" endtime="20230916 04:06:40.462"/>
</kw>
<status status="PASS" starttime="20230916 04:06:37.084" endtime="20230916 04:06:40.462"/>
</kw>
<kw name="Đăng nhập Todoist với" library="todoist_keywords">
<arg>thaolyno1@gmail.com</arg>
<arg>Chuot1504@</arg>
<kw name="Wait Until Element Is Visible" library="SeleniumLibrary">
<arg>${input_email}</arg>
<doc>Waits until the element ``locator`` is visible.</doc>
<status status="PASS" starttime="20230916 04:06:40.462" endtime="20230916 04:06:41.510"/>
</kw>
<kw name="Input Text" library="SeleniumLibrary">
<arg>${input_email}</arg>
<arg>${email}</arg>
<doc>Types the given ``text`` into the text field identified by ``locator``.</doc>
<msg timestamp="20230916 04:06:41.510" level="INFO">Typing text 'thaolyno1@gmail.com' into text field '//input[@id="element-0"]'.</msg>
<status status="PASS" starttime="20230916 04:06:41.510" endtime="20230916 04:06:41.654"/>
</kw>
<kw name="Input Password" library="SeleniumLibrary">
<arg>${input_pass}</arg>
<arg>${pass}</arg>
<doc>Types the given password into the text field identified by ``locator``.</doc>
<msg timestamp="20230916 04:06:41.656" level="INFO">Typing password into text field '//input[@id="element-3"]'.</msg>
<msg timestamp="20230916 04:06:41.686" level="INFO">Temporally setting log level to: NONE</msg>
<msg timestamp="20230916 04:06:41.745" level="INFO">Log level changed from NONE to INFO.</msg>
<status status="PASS" starttime="20230916 04:06:41.656" endtime="20230916 04:06:41.745"/>
</kw>
<kw name="Click Button" library="SeleniumLibrary">
<arg>${btn_login}</arg>
<doc>Clicks the button identified by ``locator``.</doc>
<msg timestamp="20230916 04:06:41.745" level="INFO">Clicking button '//button[@data-gtm-id="start-email-login"]'.</msg>
<status status="PASS" starttime="20230916 04:06:41.745" endtime="20230916 04:06:41.803"/>
</kw>
<status status="PASS" starttime="20230916 04:06:40.462" endtime="20230916 04:06:41.803"/>
</kw>
<kw name="Click menu project" library="todoist_keywords">
<kw name="Wait Until Element Is Visible" library="SeleniumLibrary">
<arg>${click_link_prj}</arg>
<doc>Waits until the element ``locator`` is visible.</doc>
<msg timestamp="20230916 04:06:47.163" level="INFO" html="true">&lt;/td&gt;&lt;/tr&gt;&lt;tr&gt;&lt;td colspan="3"&gt;&lt;a href="selenium-screenshot-20.png"&gt;&lt;img src="selenium-screenshot-20.png" width="800px"&gt;&lt;/a&gt;</msg>
<msg timestamp="20230916 04:06:47.163" level="FAIL">Element '//a[@href="/app/projects"]' not visible after 5 seconds.</msg>
<status status="FAIL" starttime="20230916 04:06:41.803" endtime="20230916 04:06:47.163"/>
</kw>
<kw name="Click Element" library="SeleniumLibrary">
<arg>${click_link_prj}</arg>
<doc>Click the element identified by ``locator``.</doc>
<status status="NOT RUN" starttime="20230916 04:06:47.178" endtime="20230916 04:06:47.178"/>
</kw>
<kw name="Wait Until Element Is Visible" library="SeleniumLibrary">
<arg>${btn_quick_add_prj}</arg>
<doc>Waits until the element ``locator`` is visible.</doc>
<status status="NOT RUN" starttime="20230916 04:06:47.178" endtime="20230916 04:06:47.178"/>
</kw>
<kw name="Click Element" library="SeleniumLibrary">
<arg>${btn_quick_add_prj}</arg>
<doc>Click the element identified by ``locator``.</doc>
<status status="NOT RUN" starttime="20230916 04:06:47.178" endtime="20230916 04:06:47.178"/>
</kw>
<status status="FAIL" starttime="20230916 04:06:41.803" endtime="20230916 04:06:47.178"/>
</kw>
<kw name="Tạo một project có tên" library="todoist_keywords">
<arg>Automation_MSB_Project</arg>
<status status="NOT RUN" starttime="20230916 04:06:47.178" endtime="20230916 04:06:47.178"/>
</kw>
<kw name="Verify Project đã tạo với tên" library="todoist_keywords">
<arg>Automation_MSB_Project</arg>
<status status="NOT RUN" starttime="20230916 04:06:47.178" endtime="20230916 04:06:47.178"/>
</kw>
<kw name="Nhấn nút tạo task trong project" library="todoist_keywords">
<status status="NOT RUN" starttime="20230916 04:06:47.178" endtime="20230916 04:06:47.178"/>
</kw>
<kw name="Tạo task có tên" library="todoist_keywords">
<arg>Automation_MSB_Task</arg>
<status status="NOT RUN" starttime="20230916 04:06:47.178" endtime="20230916 04:06:47.178"/>
</kw>
<kw name="Verify task đã tạo với tên" library="todoist_keywords">
<arg>Automation_MSB_Task</arg>
<status status="NOT RUN" starttime="20230916 04:06:47.178" endtime="20230916 04:06:47.178"/>
</kw>
<doc>Tạo project&amp; task Automation_MSB_Project</doc>
<tag>todoist_project_task</tag>
<status status="FAIL" starttime="20230916 04:06:37.082" endtime="20230916 04:06:47.178">Element '//a[@href="/app/projects"]' not visible after 5 seconds.</status>
</test>
<status status="FAIL" starttime="20230916 04:06:36.934" endtime="20230916 04:06:47.178"/>
</suite>
<status status="FAIL" starttime="20230916 04:06:36.930" endtime="20230916 04:06:47.178"/>
</suite>
<status status="FAIL" starttime="20230916 04:06:36.911" endtime="20230916 04:06:47.178"/>
</suite>
<statistics>
<total>
<stat pass="0" fail="1" skip="0">All Tests</stat>
</total>
<tag>
<stat pass="0" fail="1" skip="0">todoist_project_task</stat>
</tag>
<suite>
<stat pass="0" fail="1" skip="0" id="s1" name="FinalExam">FinalExam</stat>
<stat pass="0" fail="1" skip="0" id="s1-s1" name="Test Case">FinalExam.Test Case</stat>
<stat pass="0" fail="1" skip="0" id="s1-s1-s1" name="Todoist Bai1 Bai2">FinalExam.Test Case.Todoist Bai1 Bai2</stat>
</suite>
</statistics>
<errors>
</errors>
</robot>
